S	1763	0	1540858853148288	0	64	216911543216911543216911543216911543216911543216911543216911543
S	1763	0	1540858853148317	1	64	677194228677194228677194228677194228677194228677194228677194228
S	1763	0	1540858853148333	2	64	554675871554675871554675871554675871554675871554675871554675871
S	1763	0	1540858853148348	3	64	567541592567541592567541592567541592567541592567541592567541592
S	1763	0	1540858853148364	4	64	153251418715325141871532514187153251418715325141871532514187153
S	1763	0	1540858853148378	5	64	192260731019226073101922607310192260731019226073101922607310192
S	1763	0	1540858853148393	6	64	497678216497678216497678216497678216497678216497678216497678216
S	1763	0	1540858853148408	7	64	101948485910194848591019484859101948485910194848591019484859101
S	1763	0	1540858853148422	8	64	152409154315240915431524091543152409154315240915431524091543152
S	1763	0	1540858853148436	9	64	532641816532641816532641816532641816532641816532641816532641816
S	1763	0	1540858853148451	10	64	202060187520206018752020601875202060187520206018752020601875202
S	1763	0	1540858853148465	11	64	125678430012567843001256784300125678430012567843001256784300125
S	1763	0	1540858853148480	12	64	772091258772091258772091258772091258772091258772091258772091258
S	1763	0	1540858853148495	13	64	171026187417102618741710261874171026187417102618741710261874171
S	1763	0	1540858853148510	14	64	155170292815517029281551702928155170292815517029281551702928155
S	1763	0	1540858853148524	15	64	219109638219109638219109638219109638219109638219109638219109638
S	1763	0	1540858853148539	16	64	423014646423014646423014646423014646423014646423014646423014646
S	1763	0	1540858853148554	17	64	264856160264856160264856160264856160264856160264856160264856160
S	1763	0	1540858853148569	18	64	170841042170841042170841042170841042170841042170841042170841042
S	1763	0	1540858853148584	19	64	128682171112868217111286821711128682171112868217111286821711128
S	1763	0	1540858853148606	20	64	365080052365080052365080052365080052365080052365080052365080052
S	1763	0	1540858853148626	21	64	873191732873191732873191732873191732873191732873191732873191732
S	1763	0	1540858853149118	22	64	269989867269989867269989867269989867269989867269989867269989867
S	1763	0	1540858853149141	23	64	506588911506588911506588911506588911506588911506588911506588911
S	1763	0	1540858853149159	24	64	413975299413975299413975299413975299413975299413975299413975299
S	1763	0	1540858853149178	25	64	126057980212605798021260579802126057980212605798021260579802126
S	1763	0	1540858853149195	26	64	138250679713825067971382506797138250679713825067971382506797138
S	1763	0	1540858853149214	27	64	151306260915130626091513062609151306260915130626091513062609151
S	1763	0	1540858853149230	28	64	185693761118569376111856937611185693761118569376111856937611185
S	1763	0	1540858853149245	29	64	192988741919298874191929887419192988741919298874191929887419192
S	1763	0	1540858853149260	30	64	100138984910013898491001389849100138984910013898491001389849100
S	1763	0	1540858853149278	31	64	207384915320738491532073849153207384915320738491532073849153207
S	1763	0	1540858853149296	32	64	459597999459597999459597999459597999459597999459597999459597999
S	1763	0	1540858853149314	33	64	155606571915560657191556065719155606571915560657191556065719155
S	1763	0	1540858853149333	34	64	493907097493907097493907097493907097493907097493907097493907097
S	1763	0	1540858853149351	35	64	199211218519921121851992112185199211218519921121851992112185199
S	1763	0	1540858853149369	36	64	133118938013311893801331189380133118938013311893801331189380133
S	1763	0	1540858853149387	37	64	991585312991585312991585312991585312991585312991585312991585312
S	1763	0	1540858853149406	38	64	864113395864113395864113395864113395864113395864113395864113395
S	1763	0	1540858853149424	39	64	707797275707797275707797275707797275707797275707797275707797275
S	1763	0	1540858853149439	40	64	152422712815242271281524227128152422712815242271281524227128152
S	1763	0	1540858853149454	41	64	737231621737231621737231621737231621737231621737231621737231621
S	1763	0	1540858853149470	42	64	196458157419645815741964581574196458157419645815741964581574196
S	1763	0	1540858853149503	43	64	148834737148834737148834737148834737148834737148834737148834737
S	1763	0	1540858853149519	44	64	300009846300009846300009846300009846300009846300009846300009846
S	1763	0	1540858853149534	45	64	136880085313688008531368800853136880085313688008531368800853136
S	1763	0	1540858853149549	46	64	367944374367944374367944374367944374367944374367944374367944374
S	1763	0	1540858853149566	47	64	723024491723024491723024491723024491723024491723024491723024491
S	1763	0	1540858853149582	48	64	163365701216336570121633657012163365701216336570121633657012163
S	1763	0	1540858853149597	49	64	538785416538785416538785416538785416538785416538785416538785416
S	1763	0	1540858853149612	50	64	200984620120098462012009846201200984620120098462012009846201200
S	1763	0	1540858853149627	51	64	199873706319987370631998737063199873706319987370631998737063199
S	1763	0	1540858853149642	52	64	141197714714119771471411977147141197714714119771471411977147141
S	1763	0	1540858853149656	53	64	132352419132352419132352419132352419132352419132352419132352419
S	1763	0	1540858853149672	54	64	357842325357842325357842325357842325357842325357842325357842325
S	1763	0	1540858853149688	55	64	182595244518259524451825952445182595244518259524451825952445182
S	1763	0	1540858853149703	56	64	139293222113929322211392932221139293222113929322211392932221139
S	1763	0	1540858853149718	57	64	174034912117403491211740349121174034912117403491211740349121174
S	1763	0	1540858853149733	58	64	119153140611915314061191531406119153140611915314061191531406119
S	1763	0	1540858853149748	59	64	110238618311023861831102386183110238618311023861831102386183110
S	1763	0	1540858853149762	60	64	152275289215227528921522752892152275289215227528921522752892152
S	1763	0	1540858853149777	61	64	454376064543760645437606454376064543760645437606454376064543760
S	1763	0	1540858853149793	62	64	102875168810287516881028751688102875168810287516881028751688102
S	1763	0	1540858853149809	63	64	198235089019823508901982350890198235089019823508901982350890198
D	1763	0	1540858853149822	28	64	delete_an_object
